<?xml version="1.0" encoding="UTF-8"?>
<!-- Generated by org.testng.reporters.JUnitReportReporter -->
<testsuite skipped="0" hostname="DESKTOP-5N4OCH5" name="com.crm.qa.testcases.ContactsPageTest" tests="7" failures="0" timestamp="02 Jan 2020 18:55:35 GMT" time="127.748" errors="0">
  <testcase name="validateExportButtonTest" time="14.981" classname="com.crm.qa.testcases.ContactsPageTest"/>
  <testcase name="validateShowFiltersButtonTest" time="15.329" classname="com.crm.qa.testcases.ContactsPageTest"/>
  <testcase name="validateNewButtonTest" time="17.455" classname="com.crm.qa.testcases.ContactsPageTest"/>
  <testcase name="createNewContactTest" time="22.387" classname="com.crm.qa.testcases.ContactsPageTest"/>
  <testcase name="createNewContactTest" time="19.745" classname="com.crm.qa.testcases.ContactsPageTest"/>
  <testcase name="createNewContactTest" time="18.193" classname="com.crm.qa.testcases.ContactsPageTest"/>
  <testcase name="createNewContactTest" time="19.658" classname="com.crm.qa.testcases.ContactsPageTest"/>
</testsuite> <!-- com.crm.qa.testcases.ContactsPageTest -->
