<?xml version="1.0" encoding="UTF-8"?>
<!-- Generated by org.testng.reporters.JUnitReportReporter -->
<testsuite skipped="0" hostname="DESKTOP-5N4OCH5" name="com.crm.qa.testcases.ContatcsPageTest" tests="3" failures="0" timestamp="01 Jan 2020 20:39:03 GMT" time="42.645" errors="0">
  <testcase name="validateExportButtonTest" time="15.041" classname="com.crm.qa.testcases.ContatcsPageTest"/>
  <testcase name="validateShowFiltersButtonTest" time="13.985" classname="com.crm.qa.testcases.ContatcsPageTest"/>
  <testcase name="validateNewButtonTest" time="13.619" classname="com.crm.qa.testcases.ContatcsPageTest"/>
</testsuite> <!-- com.crm.qa.testcases.ContatcsPageTest -->
