<?xml version="1.0" encoding="UTF-8"?>
<!-- Generated by org.testng.reporters.JUnitReportReporter -->
<testsuite skipped="0" hostname="DESKTOP-5N4OCH5" name="com.crm.qa.testcases.HomePageTest" tests="3" failures="0" timestamp="02 Jan 2020 18:55:35 GMT" time="47.873" errors="0">
  <testcase name="userNameLabelTest" time="15.905" classname="com.crm.qa.testcases.HomePageTest"/>
  <testcase name="clickOnContactsLinkTest" time="14.948" classname="com.crm.qa.testcases.HomePageTest"/>
  <testcase name="clickOnDealsLinkTest" time="17.020" classname="com.crm.qa.testcases.HomePageTest"/>
</testsuite> <!-- com.crm.qa.testcases.HomePageTest -->
