<?xml version="1.0" encoding="UTF-8"?>
<!-- Generated by org.testng.reporters.JUnitReportReporter -->
<testsuite skipped="0" hostname="DESKTOP-5N4OCH5" name="com.crm.qa.testcases.ContactsPageTest" tests="7" failures="0" timestamp="11 Jan 2020 01:18:06 GMT" time="144.772" errors="0">
  <testcase name="createNewContactTest" time="20.410" classname="com.crm.qa.testcases.ContactsPageTest"/>
  <testcase name="validateNewButtonTest" time="17.410" classname="com.crm.qa.testcases.ContactsPageTest"/>
  <testcase name="validateShowFiltersButtonTest" time="19.038" classname="com.crm.qa.testcases.ContactsPageTest"/>
  <testcase name="createNewContactTest" time="20.615" classname="com.crm.qa.testcases.ContactsPageTest"/>
  <testcase name="validateExportButtonTest" time="17.075" classname="com.crm.qa.testcases.ContactsPageTest"/>
  <testcase name="createNewContactTest" time="19.932" classname="com.crm.qa.testcases.ContactsPageTest"/>
  <testcase name="createNewContactTest" time="30.292" classname="com.crm.qa.testcases.ContactsPageTest"/>
</testsuite> <!-- com.crm.qa.testcases.ContactsPageTest -->
