<?xml version="1.0" encoding="UTF-8"?>
<!-- Generated by org.testng.reporters.JUnitReportReporter -->
<testsuite skipped="0" hostname="DESKTOP-5N4OCH5" name="com.crm.qa.testcases.HomePageTest" tests="3" failures="0" timestamp="03 Jan 2020 07:07:44 GMT" time="48.183" errors="0">
  <testcase name="clickOnDealsLinkTest" time="17.529" classname="com.crm.qa.testcases.HomePageTest"/>
  <testcase name="clickOnContactsLinkTest" time="15.836" classname="com.crm.qa.testcases.HomePageTest"/>
  <testcase name="userNameLabelTest" time="14.818" classname="com.crm.qa.testcases.HomePageTest"/>
</testsuite> <!-- com.crm.qa.testcases.HomePageTest -->
