<?xml version="1.0" encoding="UTF-8"?>
<!-- Generated by org.testng.reporters.JUnitReportReporter -->
<testsuite skipped="0" hostname="DESKTOP-5N4OCH5" name="com.crm.qa.testcases.ContactsPageTest" tests="7" failures="0" timestamp="03 Jan 2020 07:07:44 GMT" time="110.638" errors="0">
  <testcase name="createNewContactTest" time="18.305" classname="com.crm.qa.testcases.ContactsPageTest"/>
  <testcase name="createNewContactTest" time="16.434" classname="com.crm.qa.testcases.ContactsPageTest"/>
  <testcase name="createNewContactTest" time="16.011" classname="com.crm.qa.testcases.ContactsPageTest"/>
  <testcase name="createNewContactTest" time="16.636" classname="com.crm.qa.testcases.ContactsPageTest"/>
  <testcase name="validateExportButtonTest" time="13.906" classname="com.crm.qa.testcases.ContactsPageTest"/>
  <testcase name="validateShowFiltersButtonTest" time="15.112" classname="com.crm.qa.testcases.ContactsPageTest"/>
  <testcase name="validateNewButtonTest" time="14.234" classname="com.crm.qa.testcases.ContactsPageTest"/>
</testsuite> <!-- com.crm.qa.testcases.ContactsPageTest -->
