<?xml version="1.0" encoding="UTF-8"?>
<!-- Generated by org.testng.reporters.JUnitReportReporter -->
<testsuite skipped="0" hostname="DESKTOP-5N4OCH5" name="com.crm.qa.testcases.ContactsPageTest" tests="7" failures="0" timestamp="11 Jan 2020 01:26:04 GMT" time="181.090" errors="0">
  <testcase name="createNewContactTest" time="21.358" classname="com.crm.qa.testcases.ContactsPageTest"/>
  <testcase name="createNewContactTest" time="52.961" classname="com.crm.qa.testcases.ContactsPageTest"/>
  <testcase name="validateShowFiltersButtonTest" time="17.854" classname="com.crm.qa.testcases.ContactsPageTest"/>
  <testcase name="validateNewButtonTest" time="18.199" classname="com.crm.qa.testcases.ContactsPageTest"/>
  <testcase name="createNewContactTest" time="22.049" classname="com.crm.qa.testcases.ContactsPageTest"/>
  <testcase name="validateExportButtonTest" time="18.807" classname="com.crm.qa.testcases.ContactsPageTest"/>
  <testcase name="createNewContactTest" time="29.862" classname="com.crm.qa.testcases.ContactsPageTest"/>
</testsuite> <!-- com.crm.qa.testcases.ContactsPageTest -->
