<?xml version="1.0" encoding="UTF-8"?>
<!-- Generated by org.testng.reporters.JUnitReportReporter -->
<testsuite skipped="0" hostname="DESKTOP-5N4OCH5" name="com.crm.qa.testcases.LoginPageTest" tests="3" failures="0" timestamp="03 Jan 2020 07:07:44 GMT" time="35.473" errors="0">
  <testcase name="loginPageTitleTest" time="11.536" classname="com.crm.qa.testcases.LoginPageTest"/>
  <testcase name="crmLogoImageTest" time="11.177" classname="com.crm.qa.testcases.LoginPageTest"/>
  <testcase name="loginTest" time="12.760" classname="com.crm.qa.testcases.LoginPageTest"/>
</testsuite> <!-- com.crm.qa.testcases.LoginPageTest -->
